<?xml version="1.0" encoding="UTF-8"?>
<!-- Generated by org.testng.reporters.JUnitXMLReporter -->
<testsuite hostname="Rohit_Sharma_Laptop" ignored="0" name="Test" tests="17" failures="6" timestamp="27 May 2019 13:55:52 GMT" time="4.658" errors="0">
  <testcase name="verifyUsersAvailability" time="2.527" classname="com.mytaxi.testscript.VerifyComments"/>
  <testcase name="verifyPosts" time="1.056" classname="com.mytaxi.testscript.VerifyComments"/>
  <testcase name="verifyComments" time="1.038" classname="com.mytaxi.testscript.VerifyComments"/>
  <testcase name="verifyEmailFormat" time="0.001" classname="com.mytaxi.testscript.VerifyComments">
    <failure type="java.lang.AssertionError" message="Email is not in proper Format barack21 @gmail.com expected [true] but found [false]">
      <![CDATA[java.lang.AssertionError: Email is not in proper Format barack21 @gmail.com expected [true] but found [false]
	at com.mytaxi.testscript.VerifyComments.verifyEmailFormat(VerifyComments.java:120)
... Removed 30 stack frames]]>
    </failure>
  </testcase> <!-- verifyEmailFormat -->
  <testcase name="verifyEmailFormat" time="0.001" classname="com.mytaxi.testscript.VerifyComments">
    <failure type="java.lang.AssertionError" message="Email is not in proper Format barack#25@gmail.com expected [true] but found [false]">
      <![CDATA[java.lang.AssertionError: Email is not in proper Format barack#25@gmail.com expected [true] but found [false]
	at com.mytaxi.testscript.VerifyComments.verifyEmailFormat(VerifyComments.java:120)
... Removed 30 stack frames]]>
    </failure>
  </testcase> <!-- verifyEmailFormat -->
  <testcase name="verifyEmailFormat" time="0.0" classname="com.mytaxi.testscript.VerifyComments">
    <failure type="java.lang.AssertionError" message="Email is not in proper Format barack6@gmailcom expected [true] but found [false]">
      <![CDATA[java.lang.AssertionError: Email is not in proper Format barack6@gmailcom expected [true] but found [false]
	at com.mytaxi.testscript.VerifyComments.verifyEmailFormat(VerifyComments.java:120)
... Removed 30 stack frames]]>
    </failure>
  </testcase> <!-- verifyEmailFormat -->
  <testcase name="verifyEmailFormat" time="0.0" classname="com.mytaxi.testscript.VerifyComments"/>
  <testcase name="verifyEmailFormat" time="0.0" classname="com.mytaxi.testscript.VerifyComments">
    <failure type="java.lang.AssertionError" message="Email is not in proper Format @hotmail.com expected [true] but found [false]">
      <![CDATA[java.lang.AssertionError: Email is not in proper Format @hotmail.com expected [true] but found [false]
	at com.mytaxi.testscript.VerifyComments.verifyEmailFormat(VerifyComments.java:120)
... Removed 30 stack frames]]>
    </failure>
  </testcase> <!-- verifyEmailFormat -->
  <testcase name="verifyEmailFormat" time="0.001" classname="com.mytaxi.testscript.VerifyComments"/>
  <testcase name="verifyEmailFormat" time="0.001" classname="com.mytaxi.testscript.VerifyComments"/>
  <testcase name="verifyEmailFormat" time="0.0" classname="com.mytaxi.testscript.VerifyComments"/>
  <testcase name="verifyEmailFormat" time="0.0" classname="com.mytaxi.testscript.VerifyComments">
    <failure type="java.lang.AssertionError" message="Email is not in proper Format barack8gmail.com expected [true] but found [false]">
      <![CDATA[java.lang.AssertionError: Email is not in proper Format barack8gmail.com expected [true] but found [false]
	at com.mytaxi.testscript.VerifyComments.verifyEmailFormat(VerifyComments.java:120)
... Removed 30 stack frames]]>
    </failure>
  </testcase> <!-- verifyEmailFormat -->
  <testcase name="verifyEmailFormat" time="0.001" classname="com.mytaxi.testscript.VerifyComments"/>
  <testcase name="verifyEmailFormat" time="0.001" classname="com.mytaxi.testscript.VerifyComments"/>
  <testcase name="verifyEmailFormat" time="0.001" classname="com.mytaxi.testscript.VerifyComments"/>
  <testcase name="verifyEmailFormat" time="0.001" classname="com.mytaxi.testscript.VerifyComments"/>
  <testcase name="verifyEmailFormat" time="0.001" classname="com.mytaxi.testscript.VerifyComments">
    <failure type="java.lang.AssertionError" message="Email is not in proper Format barack7@gmail. expected [true] but found [false]">
      <![CDATA[java.lang.AssertionError: Email is not in proper Format barack7@gmail. expected [true] but found [false]
	at com.mytaxi.testscript.VerifyComments.verifyEmailFormat(VerifyComments.java:120)
... Removed 30 stack frames]]>
    </failure>
  </testcase> <!-- verifyEmailFormat -->
</testsuite> <!-- Test -->
