<?xml version="1.0" encoding="UTF-8"?>
<testsuite xmlns:xsi="http://www.w3.org/2001/XMLSchema-instance" xsi:schemaLocation="https://maven.apache.org/surefire/maven-surefire-plugin/xsd/surefire-test-report.xsd" name="TestSuite" time="4.997" tests="17" errors="0" skipped="0" failures="6">
  <properties>
[...]
</properties>
  <testcase name="verifyUsersAvailability" classname="com.mytaxi.testscript.VerifyComments" time="2.31"/>
  <testcase name="verifyPosts" classname="com.mytaxi.testscript.VerifyComments" time="0.975"/>
  <testcase name="verifyComments" classname="com.mytaxi.testscript.VerifyComments" time="1.078"/>
  <testcase name="verifyEmailFormat" classname="com.mytaxi.testscript.VerifyComments" time="0.002">
    <failure message="Email is not in proper Format barack21 @gmail.com expected [true] but found [false]" type="java.lang.AssertionError">java.lang.AssertionError: Email is not in proper Format barack21 @gmail.com expected [true] but found [false]
	at com.mytaxi.testscript.VerifyComments.verifyEmailFormat(VerifyComments.java:120)
</failure>
  </testcase>
  <testcase name="verifyEmailFormat" classname="com.mytaxi.testscript.VerifyComments" time="0">
    <failure message="Email is not in proper Format barack#25@gmail.com expected [true] but found [false]" type="java.lang.AssertionError">java.lang.AssertionError: Email is not in proper Format barack#25@gmail.com expected [true] but found [false]
	at com.mytaxi.testscript.VerifyComments.verifyEmailFormat(VerifyComments.java:120)
</failure>
  </testcase>
  <testcase name="verifyEmailFormat" classname="com.mytaxi.testscript.VerifyComments" time="0">
    <failure message="Email is not in proper Format barack6@gmailcom expected [true] but found [false]" type="java.lang.AssertionError">java.lang.AssertionError: Email is not in proper Format barack6@gmailcom expected [true] but found [false]
	at com.mytaxi.testscript.VerifyComments.verifyEmailFormat(VerifyComments.java:120)
</failure>
  </testcase>
  <testcase name="verifyEmailFormat" classname="com.mytaxi.testscript.VerifyComments" time="0"/>
  <testcase name="verifyEmailFormat" classname="com.mytaxi.testscript.VerifyComments" time="0">
    <failure message="Email is not in proper Format @hotmail.com expected [true] but found [false]" type="java.lang.AssertionError">java.lang.AssertionError: Email is not in proper Format @hotmail.com expected [true] but found [false]
	at com.mytaxi.testscript.VerifyComments.verifyEmailFormat(VerifyComments.java:120)
</failure>
  </testcase>
  <testcase name="verifyEmailFormat" classname="com.mytaxi.testscript.VerifyComments" time="0"/>
  <testcase name="verifyEmailFormat" classname="com.mytaxi.testscript.VerifyComments" time="0.001"/>
  <testcase name="verifyEmailFormat" classname="com.mytaxi.testscript.VerifyComments" time="0"/>
  <testcase name="verifyEmailFormat" classname="com.mytaxi.testscript.VerifyComments" time="0">
    <failure message="Email is not in proper Format barack8gmail.com expected [true] but found [false]" type="java.lang.AssertionError">java.lang.AssertionError: Email is not in proper Format barack8gmail.com expected [true] but found [false]
	at com.mytaxi.testscript.VerifyComments.verifyEmailFormat(VerifyComments.java:120)
</failure>
  </testcase>
  <testcase name="verifyEmailFormat" classname="com.mytaxi.testscript.VerifyComments" time="0"/>
  <testcase name="verifyEmailFormat" classname="com.mytaxi.testscript.VerifyComments" time="0"/>
  <testcase name="verifyEmailFormat" classname="com.mytaxi.testscript.VerifyComments" time="0"/>
  <testcase name="verifyEmailFormat" classname="com.mytaxi.testscript.VerifyComments" time="0"/>
  <testcase name="verifyEmailFormat" classname="com.mytaxi.testscript.VerifyComments" time="0">
    <failure message="Email is not in proper Format barack7@gmail. expected [true] but found [false]" type="java.lang.AssertionError">java.lang.AssertionError: Email is not in proper Format barack7@gmail. expected [true] but found [false]
	at com.mytaxi.testscript.VerifyComments.verifyEmailFormat(VerifyComments.java:120)
</failure>
  </testcase>
</testsuite>